<?xml version="1.0" encoding="UTF-8" ?>
<testsuite failures="0" time="0.105" errors="0" skipped="0" tests="1" name="com.buildBlocks.blocksCommon.AppTest">
  <properties>
    <property name="java.vendor" value="Oracle Corporation"/>
    <property name="env.SYSTEMROOT" value="C:\Windows"/>
    <property name="localRepository" value="D:\dev_tool\mavenRepository"/>
    <property name="sun.java.launcher" value="SUN_STANDARD"/>
    <property name="sun.management.compiler" value="HotSpot 64-Bit Tiered Compilers"/>
    <property name="os.name" value="Windows 7"/>
    <property name="env.FP_NO_HOST_CHECK" value="NO"/>
    <property name="sun.boot.class.path" value="D:\dev_tool\java\jdk1.7.0_60\jre\lib\resources.jar;D:\dev_tool\java\jdk1.7.0_60\jre\lib\rt.jar;D:\dev_tool\java\jdk1.7.0_60\jre\lib\sunrsasign.jar;D:\dev_tool\java\jdk1.7.0_60\jre\lib\jsse.jar;D:\dev_tool\java\jdk1.7.0_60\jre\lib\jce.jar;D:\dev_tool\java\jdk1.7.0_60\jre\lib\charsets.jar;D:\dev_tool\java\jdk1.7.0_60\jre\lib\jfr.jar;D:\dev_tool\java\jdk1.7.0_60\jre\classes"/>
    <property name="env.COMPUTERNAME" value="JK_PC"/>
    <property name="env.ALLUSERSPROFILE" value="C:\ProgramData"/>
    <property name="sun.desktop" value="windows"/>
    <property name="java.vm.specification.vendor" value="Oracle Corporation"/>
    <property name="java.runtime.version" value="1.7.0_60-b19"/>
    <property name="env.HOMEPATH" value="\Users\jk"/>
    <property name="user.name" value="jk"/>
    <property name="maven.build.version" value="Apache Maven 3.2.1 (ea8b2b07643dbb1b84b6d16e1f08391b666bc1e9; 2014-02-15T01:37:52+08:00)"/>
    <property name="env.WINDOWS_TRACING_FLAGS" value="3"/>
    <property name="env.PATH" value="C:\Windows\system32;C:\Windows;C:\Windows\System32\Wbem;C:\Windows\System32\WindowsPowerShell\v1.0\;D:\dev_tool\java\jdk1.7.0_60\bin;D:\dev_tool\java\jdk1.7.0_60\jre\bin;D:\dev_tool\maven3.2.1\bin"/>
    <property name="user.language" value="zh"/>
    <property name="env.WINDIR" value="C:\Windows"/>
    <property name="sun.boot.library.path" value="D:\dev_tool\java\jdk1.7.0_60\jre\bin"/>
    <property name="classworlds.conf" value="G:\ws_dev\.metadata\.plugins\org.maven.ide.eclipse\launches\m2conf5151181090768195762.tmp"/>
    <property name="java.version" value="1.7.0_60"/>
    <property name="env.PROCESSOR_IDENTIFIER" value="Intel64 Family 6 Model 37 Stepping 5, GenuineIntel"/>
    <property name="user.timezone" value=""/>
    <property name="env.TEMP" value="C:\Users\jk\AppData\Local\Temp"/>
    <property name="sun.arch.data.model" value="64"/>
    <property name="env.WINDOWS_TRACING_LOGFILE" value="C:\BVTBin\Tests\installpackage\csilogfile.log"/>
    <property name="java.endorsed.dirs" value="D:\dev_tool\java\jdk1.7.0_60\jre\lib\endorsed"/>
    <property name="sun.cpu.isalist" value="amd64"/>
    <property name="env.HOMEDRIVE" value="C:"/>
    <property name="sun.jnu.encoding" value="GBK"/>
    <property name="file.encoding.pkg" value="sun.io"/>
    <property name="env.SYSTEMDRIVE" value="C:"/>
    <property name="file.separator" value="\"/>
    <property name="java.specification.name" value="Java Platform API Specification"/>
    <property name="java.class.version" value="51.0"/>
    <property name="org.slf4j.simpleLogger.defaultLogLevel" value="info"/>
    <property name="user.country" value="CN"/>
    <property name="java.home" value="D:\dev_tool\java\jdk1.7.0_60\jre"/>
    <property name="env.APPDATA" value="C:\Users\jk\AppData\Roaming"/>
    <property name="env.PUBLIC" value="C:\Users\Public"/>
    <property name="java.vm.info" value="mixed mode"/>
    <property name="env.OS" value="Windows_NT"/>
    <property name="os.version" value="6.1"/>
    <property name="env.=::" value="::\"/>
    <property name="path.separator" value=";"/>
    <property name="java.vm.version" value="24.60-b09"/>
    <property name="env.USERPROFILE" value="C:\Users\jk"/>
    <property name="user.variant" value=""/>
    <property name="env.JAVA_HOME" value="D:\dev_tool\java\jdk1.7.0_60"/>
    <property name="java.awt.printerjob" value="sun.awt.windows.WPrinterJob"/>
    <property name="env.TMP" value="C:\Users\jk\AppData\Local\Temp"/>
    <property name="env.PROGRAMFILES" value="C:\Program Files"/>
    <property name="sun.io.unicode.encoding" value="UnicodeLittle"/>
    <property name="awt.toolkit" value="sun.awt.windows.WToolkit"/>
    <property name="user.script" value=""/>
    <property name="user.home" value="C:\Users\jk"/>
    <property name="env.COMMONPROGRAMFILES" value="C:\Program Files\Common Files"/>
    <property name="env.SESSIONNAME" value="Console"/>
    <property name="java.specification.vendor" value="Oracle Corporation"/>
    <property name="env.CLASSPATH" value=".;D:\dev_tool\java\jdk1.7.0_60\lib;D:\dev_tool\java\jdk1.7.0_60\lib\tools.jar "/>
    <property name="env.NUMBER_OF_PROCESSORS" value="4"/>
    <property name="java.library.path" value="D:\dev_tool\java\jdk1.7.0_60\bin;C:\Windows\Sun\Java\bin;C:\Windows\system32;C:\Windows;C:\Windows\system32;C:\Windows;C:\Windows\System32\Wbem;C:\Windows\System32\WindowsPowerShell\v1.0\;D:\dev_tool\java\jdk1.7.0_60\bin;D:\dev_tool\java\jdk1.7.0_60\jre\bin;D:\dev_tool\maven3.2.1\bin;."/>
    <property name="java.vendor.url" value="http://java.oracle.com/"/>
    <property name="env.COMMONPROGRAMFILES(X86)" value="C:\Program Files (x86)\Common Files"/>
    <property name="env.PSMODULEPATH" value="C:\Windows\system32\WindowsPowerShell\v1.0\Modules\"/>
    <property name="java.vm.vendor" value="Oracle Corporation"/>
    <property name="maven.home" value="D:\dev_tool\maven3.2.1"/>
    <property name="java.runtime.name" value="Java(TM) SE Runtime Environment"/>
    <property name="java.class.path" value="D:\dev_tool\maven3.2.1\boot\plexus-classworlds-2.5.1.jar"/>
    <property name="sun.java.command" value="org.codehaus.classworlds.Launcher -B -s D:\dev_tool\maven3.2.1\conf\settings.xml install"/>
    <property name="env.PROGRAMW6432" value="C:\Program Files"/>
    <property name="maven.version" value="3.2.1"/>
    <property name="env.PROGRAMFILES(X86)" value="C:\Program Files (x86)"/>
    <property name="java.vm.specification.name" value="Java Virtual Machine Specification"/>
    <property name="env.LOGONSERVER" value="\\JK_PC"/>
    <property name="java.vm.specification.version" value="1.7"/>
    <property name="env.PROCESSOR_ARCHITECTURE" value="AMD64"/>
    <property name="env.COMMONPROGRAMW6432" value="C:\Program Files\Common Files"/>
    <property name="sun.os.patch.level" value="Service Pack 1"/>
    <property name="sun.cpu.endian" value="little"/>
    <property name="surefire.test.class.path" value="G:\ws_dev\blocksCommon\target\test-classes;G:\ws_dev\blocksCommon\target\classes;D:\dev_tool\mavenRepository\junit\junit\4.11\junit-4.11.jar;D:\dev_tool\mavenRepository\org\hamcrest\hamcrest-core\1.3\hamcrest-core-1.3.jar;"/>
    <property name="java.io.tmpdir" value="C:\Users\jk\AppData\Local\Temp\"/>
    <property name="env.PROCESSOR_REVISION" value="2505"/>
    <property name="java.vendor.url.bug" value="http://bugreport.sun.com/bugreport/"/>
    <property name="env.COMSPEC" value="C:\Windows\system32\cmd.exe"/>
    <property name="env.PROGRAMDATA" value="C:\ProgramData"/>
    <property name="java.awt.graphicsenv" value="sun.awt.Win32GraphicsEnvironment"/>
    <property name="os.arch" value="amd64"/>
    <property name="java.ext.dirs" value="D:\dev_tool\java\jdk1.7.0_60\jre\lib\ext;C:\Windows\Sun\Java\lib\ext"/>
    <property name="user.dir" value="G:\ws_dev\blocksCommon"/>
    <property name="env.LOCALAPPDATA" value="C:\Users\jk\AppData\Local"/>
    <property name="line.separator" value="
"/>
    <property name="java.vm.name" value="Java HotSpot(TM) 64-Bit Server VM"/>
    <property name="env.PATHEXT" value=".COM;.EXE;.BAT;.CMD;.VBS;.VBE;.JS;.JSE;.WSF;.WSH;.MSC"/>
    <property name="basedir" value="G:\ws_dev\blocksCommon"/>
    <property name="env.USERNAME" value="jk"/>
    <property name="file.encoding" value="GBK"/>
    <property name="env.USERDOMAIN" value="jk_pc"/>
    <property name="java.specification.version" value="1.7"/>
    <property name="env.PROCESSOR_LEVEL" value="6"/>
  </properties>
  <testcase time="0.03" classname="com.buildBlocks.blocksCommon.AppTest" name="testApp"/>
</testsuite>